{"sessionId": "d07492", "runId": "pre-fix", "hypothesisId": "H1", "location": "axelo/cli.py:default_command", "message": "default callback routes to chat", "data": {"invoked_subcommand": null}, "timestamp": 1775743099474}
{"sessionId": "d07492", "runId": "pre-fix", "hypothesisId": "H4", "location": "axelo/chat/cli.py:AxeloChatCLI.start:entry", "message": "chat cli start invoked", "data": {}, "timestamp": 1775743099559}
{"sessionId": "d07492", "runId": "pre-fix", "hypothesisId": "H6", "location": "axelo/chat/router.py:_sync_state_from_plan_text:plan_detect", "message": "plan readiness detected", "data": {"looks_like_plan": true}, "timestamp": 1775743106152}
{"sessionId": "d07492", "runId": "pre-fix", "hypothesisId": "H6", "location": "axelo/chat/router.py:_sync_state_from_plan_text:target_parse", "message": "target parse result", "data": {"has_url": false, "url": ""}, "timestamp": 1775743106153}
{"sessionId": "d07492", "runId": "pre-fix", "hypothesisId": "H7", "location": "axelo/chat/router.py:_sync_state_from_plan_text:goal_parse", "message": "goal parse result", "data": {"has_goal": false, "goal_len": 0}, "timestamp": 1775743106153}
{"sessionId": "d07492", "runId": "pre-fix", "hypothesisId": "H6", "location": "axelo/chat/router.py:_sync_state_from_plan_text:plan_detect", "message": "plan readiness detected", "data": {"looks_like_plan": true}, "timestamp": 1775743130232}
{"sessionId": "d07492", "runId": "pre-fix", "hypothesisId": "H6", "location": "axelo/chat/router.py:_sync_state_from_plan_text:target_parse", "message": "target parse result", "data": {"has_url": true, "url": "https://amazon.com"}, "timestamp": 1775743130233}
{"sessionId": "d07492", "runId": "pre-fix", "hypothesisId": "H7", "location": "axelo/chat/router.py:_sync_state_from_plan_text:goal_parse", "message": "goal parse result", "data": {"has_goal": true, "goal_len": 22}, "timestamp": 1775743130233}
{"sessionId": "d07492", "runId": "pre-fix", "hypothesisId": "H5", "location": "axelo/chat/router.py:process_input:confirm_check", "message": "confirm received", "data": {"plan_ready": true, "has_url": true, "has_goal": true, "url": "https://amazon.com", "goal_len": 22}, "timestamp": 1775743130233}
{"sessionId": "d07492", "runId": "pre-fix", "hypothesisId": "H8", "location": "axelo/chat/router.py:execute_plan:initial_input", "message": "execute_plan initial input", "data": {"tools": ["browser", "ai_analyze", "codegen", "verify"], "url": "https://amazon.com", "goal_len": 22}, "timestamp": 1775743130233}
{"sessionId": "d07492", "runId": "post-fix", "hypothesisId": "H9", "location": "axelo/tools/browser_tool.py:_launch_browser", "message": "playwright started", "data": {"started": true}, "timestamp": 1775743130618}
{"sessionId": "d07492", "runId": "post-fix", "hypothesisId": "H9", "location": "axelo/tools/browser_tool.py:_close_browser", "message": "playwright stopped", "data": {"stopped": true}, "timestamp": 1775743133018}
{"sessionId": "d07492", "runId": "pre-fix", "hypothesisId": "H1", "location": "axelo/cli.py:default_command", "message": "default callback routes to chat", "data": {"invoked_subcommand": null}, "timestamp": 1775743210243}
{"sessionId": "d07492", "runId": "pre-fix", "hypothesisId": "H4", "location": "axelo/chat/cli.py:AxeloChatCLI.start:entry", "message": "chat cli start invoked", "data": {}, "timestamp": 1775743210307}
{"sessionId": "d07492", "runId": "pre-fix", "hypothesisId": "H6", "location": "axelo/chat/router.py:_sync_state_from_plan_text:plan_detect", "message": "plan readiness detected", "data": {"looks_like_plan": false}, "timestamp": 1775743213888}
{"sessionId": "d07492", "runId": "pre-fix", "hypothesisId": "H6", "location": "axelo/chat/router.py:_sync_state_from_plan_text:plan_detect", "message": "plan readiness detected", "data": {"looks_like_plan": true}, "timestamp": 1775743230569}
{"sessionId": "d07492", "runId": "pre-fix", "hypothesisId": "H6", "location": "axelo/chat/router.py:_sync_state_from_plan_text:target_parse", "message": "target parse result", "data": {"has_url": true, "url": "https://ebay.com"}, "timestamp": 1775743230569}
{"sessionId": "d07492", "runId": "pre-fix", "hypothesisId": "H7", "location": "axelo/chat/router.py:_sync_state_from_plan_text:goal_parse", "message": "goal parse result", "data": {"has_goal": true, "goal_len": 31}, "timestamp": 1775743230570}
{"sessionId": "d07492", "runId": "pre-fix", "hypothesisId": "H5", "location": "axelo/chat/router.py:process_input:confirm_check", "message": "confirm received", "data": {"plan_ready": true, "has_url": true, "has_goal": true, "url": "https://ebay.com", "goal_len": 31}, "timestamp": 1775743230570}
{"sessionId": "d07492", "runId": "pre-fix", "hypothesisId": "H8", "location": "axelo/chat/router.py:execute_plan:initial_input", "message": "execute_plan initial input", "data": {"tools": ["browser", "ai_analyze", "codegen", "verify"], "url": "https://ebay.com", "goal_len": 31}, "timestamp": 1775743230570}
{"sessionId": "d07492", "runId": "post-fix", "hypothesisId": "H9", "location": "axelo/tools/browser_tool.py:_launch_browser", "message": "playwright started", "data": {"started": true}, "timestamp": 1775743230966}
{"sessionId": "d07492", "runId": "post-fix", "hypothesisId": "H9", "location": "axelo/tools/browser_tool.py:_close_browser", "message": "playwright stopped", "data": {"stopped": true}, "timestamp": 1775743244880}
{"sessionId": "d07492", "runId": "post-fix", "hypothesisId": "H9", "location": "axelo/tools/browser_tool.py:_launch_browser", "message": "playwright started", "data": {"started": true}, "timestamp": 1775743492252}
{"sessionId": "d07492", "runId": "post-fix", "hypothesisId": "H9", "location": "axelo/tools/browser_tool.py:_close_browser", "message": "playwright stopped", "data": {"stopped": true}, "timestamp": 1775743495235}
{"sessionId": "d07492", "runId": "post-fix", "hypothesisId": "H9", "location": "axelo/tools/browser_tool.py:_launch_browser", "message": "playwright started", "data": {"started": true}, "timestamp": 1775743646713}
{"sessionId": "d07492", "runId": "post-fix", "hypothesisId": "H9", "location": "axelo/tools/browser_tool.py:_close_browser", "message": "playwright stopped", "data": {"stopped": true}, "timestamp": 1775743649560}
{"sessionId": "d07492", "runId": "post-fix", "hypothesisId": "H9", "location": "axelo/tools/browser_tool.py:_launch_browser", "message": "playwright started", "data": {"started": true}, "timestamp": 1775743864460}
{"sessionId": "d07492", "runId": "post-fix", "hypothesisId": "H9", "location": "axelo/tools/browser_tool.py:_close_browser", "message": "playwright stopped", "data": {"stopped": true}, "timestamp": 1775743884532}
{"sessionId": "d07492", "runId": "post-fix", "hypothesisId": "H9", "location": "axelo/tools/browser_tool.py:_launch_browser", "message": "playwright started", "data": {"started": true}, "timestamp": 1775744141907}
{"sessionId": "d07492", "runId": "post-fix", "hypothesisId": "H9", "location": "axelo/tools/browser_tool.py:_close_browser", "message": "playwright stopped", "data": {"stopped": true}, "timestamp": 1775744144472}
{"sessionId": "d07492", "runId": "post-fix", "hypothesisId": "H9", "location": "axelo/tools/browser_tool.py:_launch_browser", "message": "playwright started", "data": {"started": true}, "timestamp": 1775744331963}
{"sessionId": "d07492", "runId": "post-fix", "hypothesisId": "H9", "location": "axelo/tools/browser_tool.py:_close_browser", "message": "playwright stopped", "data": {"stopped": true}, "timestamp": 1775744335157}
{"sessionId": "d07492", "runId": "post-fix", "hypothesisId": "H9", "location": "axelo/tools/browser_tool.py:_launch_browser", "message": "playwright started", "data": {"started": true}, "timestamp": 1775745936976}
{"sessionId": "d07492", "runId": "post-fix", "hypothesisId": "H9", "location": "axelo/tools/browser_tool.py:_close_browser", "message": "playwright stopped", "data": {"stopped": true}, "timestamp": 1775745944338}
{"sessionId": "d07492", "runId": "post-fix", "hypothesisId": "H9", "location": "axelo/tools/browser_tool.py:_launch_browser", "message": "playwright started", "data": {"started": true}, "timestamp": 1775746013383}
{"sessionId": "d07492", "runId": "post-fix", "hypothesisId": "H9", "location": "axelo/tools/browser_tool.py:_close_browser", "message": "playwright stopped", "data": {"stopped": true}, "timestamp": 1775746017434}
{"sessionId": "d07492", "runId": "post-fix", "hypothesisId": "H9", "location": "axelo/tools/browser_tool.py:_launch_browser", "message": "playwright started", "data": {"started": true}, "timestamp": 1775746078771}
{"sessionId": "d07492", "runId": "post-fix", "hypothesisId": "H9", "location": "axelo/tools/browser_tool.py:_close_browser", "message": "playwright stopped", "data": {"stopped": true}, "timestamp": 1775746081372}
{"sessionId": "d07492", "runId": "post-fix", "hypothesisId": "H9", "location": "axelo/tools/browser_tool.py:_launch_browser", "message": "playwright started", "data": {"started": true}, "timestamp": 1775746125479}
{"sessionId": "d07492", "runId": "post-fix", "hypothesisId": "H9", "location": "axelo/tools/browser_tool.py:_close_browser", "message": "playwright stopped", "data": {"stopped": true}, "timestamp": 1775746127300}
{"sessionId": "d07492", "runId": "post-fix", "hypothesisId": "H9", "location": "axelo/tools/browser_tool.py:_launch_browser", "message": "playwright started", "data": {"started": true}, "timestamp": 1775746371166}
{"sessionId": "d07492", "runId": "post-fix", "hypothesisId": "H9", "location": "axelo/tools/browser_tool.py:_close_browser", "message": "playwright stopped", "data": {"stopped": true}, "timestamp": 1775746373358}
{"sessionId": "d07492", "runId": "post-fix", "hypothesisId": "H9", "location": "axelo/tools/browser_tool.py:_launch_browser", "message": "playwright started", "data": {"started": true}, "timestamp": 1775791643445}
{"sessionId": "d07492", "runId": "post-fix", "hypothesisId": "H9", "location": "axelo/tools/browser_tool.py:_close_browser", "message": "playwright stopped", "data": {"stopped": true}, "timestamp": 1775791647552}
{"sessionId": "d07492", "runId": "post-fix", "hypothesisId": "H9", "location": "axelo/tools/browser_tool.py:_launch_browser", "message": "playwright started", "data": {"started": true}, "timestamp": 1775791911578}
{"sessionId": "d07492", "runId": "post-fix", "hypothesisId": "H9", "location": "axelo/tools/browser_tool.py:_close_browser", "message": "playwright stopped", "data": {"stopped": true}, "timestamp": 1775791912813}
{"sessionId": "d07492", "runId": "post-fix", "hypothesisId": "H9", "location": "axelo/tools/browser_tool.py:_launch_browser", "message": "playwright started", "data": {"started": true}, "timestamp": 1775791934168}
{"sessionId": "d07492", "runId": "post-fix", "hypothesisId": "H9", "location": "axelo/tools/browser_tool.py:_close_browser", "message": "playwright stopped", "data": {"stopped": true}, "timestamp": 1775791935326}
{"sessionId": "d07492", "runId": "post-fix", "hypothesisId": "H9", "location": "axelo/tools/browser_tool.py:_launch_browser", "message": "playwright started", "data": {"started": true}, "timestamp": 1775791989091}
{"sessionId": "d07492", "runId": "post-fix", "hypothesisId": "H9", "location": "axelo/tools/browser_tool.py:_close_browser", "message": "playwright stopped", "data": {"stopped": true}, "timestamp": 1775791990406}
