2026-04-12 19:17:14 [info     ] tool_registered                tool=browser
2026-04-12 19:17:14 [info     ] tool_registered                tool=fetch
2026-04-12 19:17:14 [info     ] tool_registered                tool=fetch_js_bundles
2026-04-12 19:17:14 [info     ] tool_registered                tool=static
2026-04-12 19:17:14 [info     ] tool_registered                tool=crypto
2026-04-12 19:17:14 [info     ] tool_registered                tool=ai_analyze
2026-04-12 19:17:14 [info     ] tool_registered                tool=codegen
2026-04-12 19:17:14 [info     ] tool_registered                tool=verify
2026-04-12 19:17:14 [info     ] tool_registered                tool=flow
2026-04-12 19:17:14 [info     ] tool_registered                tool=honeypot
2026-04-12 19:17:14 [info     ] tool_registered                tool=web_search
2026-04-12 19:17:14 [info     ] deobfuscate_tool_ready         method=ast tool=builtin
2026-04-12 19:17:14 [info     ] tool_registered                tool=deobfuscate
2026-04-12 19:17:14 [info     ] deobfuscate_tool_registered
2026-04-12 19:17:14 [info     ] tool_registered                tool=trace
2026-04-12 19:17:14 [info     ] trace_tool_registered
2026-04-12 19:17:14 [info     ] tool_registered                tool=sigverify
2026-04-12 19:17:14 [info     ] sigverify_tool_registered
2026-04-12 19:17:14 [info     ] tool_registered                tool=captcha
2026-04-12 19:17:14 [info     ] captcha_tool_registered
2026-04-12 19:17:14 [info     ] tool_registered                tool=signature_extractor
2026-04-12 19:17:14 [info     ] signature_extractor_tool_registered
2026-04-12 19:17:14 [info     ] axelo_web_ui_ready             dist=E:\Test_Project\Axelo_JSReverse\axelo\web\ui\dist
